0 info it worked if it ends with ok
1 verbose cli [ '/usr/local/Cellar/node/6.3.1/bin/node',
1 verbose cli   '/usr/local/bin/npm',
1 verbose cli   'run',
1 verbose cli   'build:watch' ]
2 info using npm@3.10.3
3 info using node@v6.3.1
4 verbose run-script [ 'prebuild:watch', 'build:watch', 'postbuild:watch' ]
5 info lifecycle awesome_library@1.0.0~prebuild:watch: awesome_library@1.0.0
6 silly lifecycle awesome_library@1.0.0~prebuild:watch: no script for prebuild:watch, continuing
7 info lifecycle awesome_library@1.0.0~build:watch: awesome_library@1.0.0
8 verbose lifecycle awesome_library@1.0.0~build:watch: unsafe-perm in lifecycle true
9 verbose lifecycle awesome_library@1.0.0~build:watch: PATH: /usr/local/lib/node_modules/npm/bin/node-gyp-bin:/Users/asantos3026/dev/AwesomeLibrary/node_modules/.bin:/usr/local/Cellar/node/6.3.1/bin:/Users/asantos3026/.rvm/gems/ruby-2.3.0/bin:/Users/asantos3026/.rvm/gems/ruby-2.3.0@global/bin:/Users/asantos3026/.rvm/rubies/ruby-2.3.0/bin:/usr/local/heroku/bin:/usr/local/bin:/usr/bin:/bin:/usr/sbin:/sbin:/usr/local/git/bin:/Users/asantos3026/.rvm/bin
10 verbose lifecycle awesome_library@1.0.0~build:watch: CWD: /Users/asantos3026/dev/AwesomeLibrary
11 silly lifecycle awesome_library@1.0.0~build:watch: Args: [ '-c', 'npm run -- --watch' ]
12 silly lifecycle awesome_library@1.0.0~build:watch: Returned: code: 1  signal: null
13 info lifecycle awesome_library@1.0.0~build:watch: Failed to exec build:watch script
14 verbose stack Error: awesome_library@1.0.0 build:watch: `npm run -- --watch`
14 verbose stack Exit status 1
14 verbose stack     at EventEmitter.<anonymous> (/usr/local/lib/node_modules/npm/lib/utils/lifecycle.js:242:16)
14 verbose stack     at emitTwo (events.js:106:13)
14 verbose stack     at EventEmitter.emit (events.js:191:7)
14 verbose stack     at ChildProcess.<anonymous> (/usr/local/lib/node_modules/npm/lib/utils/spawn.js:40:14)
14 verbose stack     at emitTwo (events.js:106:13)
14 verbose stack     at ChildProcess.emit (events.js:191:7)
14 verbose stack     at maybeClose (internal/child_process.js:852:16)
14 verbose stack     at Process.ChildProcess._handle.onexit (internal/child_process.js:215:5)
15 verbose pkgid awesome_library@1.0.0
16 verbose cwd /Users/asantos3026/dev/AwesomeLibrary
17 error Darwin 14.3.0
18 error argv "/usr/local/Cellar/node/6.3.1/bin/node" "/usr/local/bin/npm" "run" "build:watch"
19 error node v6.3.1
20 error npm  v3.10.3
21 error code ELIFECYCLE
22 error awesome_library@1.0.0 build:watch: `npm run -- --watch`
22 error Exit status 1
23 error Failed at the awesome_library@1.0.0 build:watch script 'npm run -- --watch'.
23 error Make sure you have the latest version of node.js and npm installed.
23 error If you do, this is most likely a problem with the awesome_library package,
23 error not with npm itself.
23 error Tell the author that this fails on your system:
23 error     npm run -- --watch
23 error You can get information on how to open an issue for this project with:
23 error     npm bugs awesome_library
23 error Or if that isn't available, you can get their info via:
23 error     npm owner ls awesome_library
23 error There is likely additional logging output above.
24 verbose exit [ 1, true ]
